TN:
SF:src/routes/audioRoutes.ts
FN:9,(anonymous_1)
FNF:1
FNH:0
FNDA:0,(anonymous_1)
DA:1,0
DA:2,0
DA:5,0
DA:6,0
DA:9,0
DA:10,0
DA:11,0
DA:14,0
DA:15,0
DA:25,0
DA:26,0
DA:27,0
DA:37,0
DA:38,0
DA:41,0
DA:42,0
DA:52,0
LF:17
LH:0
BRDA:14,0,0,0
BRDA:14,1,0,0
BRDA:14,1,1,0
BRDA:26,2,0,0
BRF:4
BRH:0
end_of_record
TN:
SF:src/routes/exportRoutes.ts
FN:9,(anonymous_1)
FNF:1
FNH:0
FNDA:0,(anonymous_1)
DA:1,0
DA:2,0
DA:5,0
DA:6,0
DA:9,0
DA:10,0
DA:11,0
DA:14,0
DA:15,0
DA:24,0
DA:25,0
DA:28,0
DA:29,0
DA:39,0
LF:14
LH:0
BRDA:14,0,0,0
BRDA:14,1,0,0
BRDA:14,1,1,0
BRDA:14,1,2,0
BRDA:14,1,3,0
BRF:5
BRH:0
end_of_record
TN:
SF:src/routes/storyRoutes.ts
FN:9,(anonymous_1)
FN:40,(anonymous_2)
FNF:2
FNH:2
FNDA:9,(anonymous_1)
FNDA:7,(anonymous_2)
DA:1,1
DA:2,1
DA:5,1
DA:6,1
DA:9,1
DA:10,9
DA:11,9
DA:14,9
DA:15,5
DA:24,4
DA:25,4
DA:28,0
DA:29,0
DA:40,1
DA:41,7
DA:42,7
DA:45,7
DA:46,3
DA:55,4
DA:56,4
DA:59,0
DA:60,0
DA:70,1
LF:23
LH:19
BRDA:14,0,0,5
BRDA:14,1,0,9
BRDA:14,1,1,7
BRDA:14,1,2,6
BRDA:14,1,3,5
BRDA:45,2,0,3
BRDA:45,3,0,7
BRDA:45,3,1,6
BRDA:45,3,2,5
BRF:9
BRH:9
end_of_record
TN:
SF:src/services/audioService.ts
FN:15,(anonymous_1)
FN:21,(anonymous_2)
FN:91,(anonymous_3)
FN:131,(anonymous_4)
FN:136,(anonymous_5)
FN:142,(anonymous_6)
FN:159,(anonymous_7)
FN:166,(anonymous_8)
FN:190,(anonymous_9)
FN:194,(anonymous_10)
FNF:10
FNH:0
FNDA:0,(anonymous_1)
FNDA:0,(anonymous_2)
FNDA:0,(anonymous_3)
FNDA:0,(anonymous_4)
FNDA:0,(anonymous_5)
FNDA:0,(anonymous_6)
FNDA:0,(anonymous_7)
FNDA:0,(anonymous_8)
FNDA:0,(anonymous_9)
FNDA:0,(anonymous_10)
DA:1,0
DA:4,0
DA:5,0
DA:6,0
DA:9,0
DA:16,0
DA:17,0
DA:22,0
DA:24,0
DA:26,0
DA:29,0
DA:32,0
DA:35,0
DA:53,0
DA:63,0
DA:65,0
DA:66,0
DA:68,0
DA:69,0
DA:70,0
DA:71,0
DA:72,0
DA:73,0
DA:76,0
DA:92,0
DA:94,0
DA:97,0
DA:99,0
DA:100,0
DA:123,0
DA:126,0
DA:127,0
DA:133,0
DA:136,0
DA:139,0
DA:144,0
DA:151,0
DA:156,0
DA:161,0
DA:162,0
DA:163,0
DA:168,0
DA:169,0
DA:170,0
DA:171,0
DA:172,0
DA:175,0
DA:176,0
DA:178,0
DA:179,0
DA:180,0
DA:183,0
DA:184,0
DA:187,0
DA:191,0
DA:195,0
LF:56
LH:0
BRDA:10,0,0,0
BRDA:10,0,1,0
BRDA:11,1,0,0
BRDA:11,1,1,0
BRDA:12,2,0,0
BRDA:12,2,1,0
BRDA:16,3,0,0
BRDA:41,4,0,0
BRDA:41,4,1,0
BRDA:42,5,0,0
BRDA:42,5,1,0
BRDA:43,6,0,0
BRDA:43,6,1,0
BRDA:68,7,0,0
BRDA:68,7,1,0
BRDA:71,8,0,0
BRDA:92,9,0,0
BRDA:97,10,0,0
BRDA:97,10,1,0
BRDA:126,11,0,0
BRDA:126,11,1,0
BRDA:133,12,0,0
BRDA:133,12,1,0
BRF:23
BRH:0
end_of_record
TN:
SF:src/services/exportService.ts
FN:3,(anonymous_0)
FN:6,(anonymous_1)
FN:68,(anonymous_2)
FN:88,(anonymous_3)
FN:161,(anonymous_4)
FN:198,(anonymous_5)
FN:218,(anonymous_6)
FN:236,(anonymous_7)
FN:241,(anonymous_8)
FN:246,(anonymous_9)
FN:252,(anonymous_10)
FN:274,(anonymous_11)
FN:282,(anonymous_12)
FN:292,(anonymous_13)
FN:293,(anonymous_14)
FN:296,(anonymous_15)
FN:301,(anonymous_16)
FN:305,(anonymous_17)
FNF:18
FNH:0
FNDA:0,(anonymous_0)
FNDA:0,(anonymous_1)
FNDA:0,(anonymous_2)
FNDA:0,(anonymous_3)
FNDA:0,(anonymous_4)
FNDA:0,(anonymous_5)
FNDA:0,(anonymous_6)
FNDA:0,(anonymous_7)
FNDA:0,(anonymous_8)
FNDA:0,(anonymous_9)
FNDA:0,(anonymous_10)
FNDA:0,(anonymous_11)
FNDA:0,(anonymous_12)
FNDA:0,(anonymous_13)
FNDA:0,(anonymous_14)
FNDA:0,(anonymous_15)
FNDA:0,(anonymous_16)
FNDA:0,(anonymous_17)
DA:3,0
DA:4,0
DA:7,0
DA:9,0
DA:11,0
DA:12,0
DA:13,0
DA:24,0
DA:27,0
DA:30,0
DA:41,0
DA:51,0
DA:53,0
DA:69,0
DA:70,0
DA:72,0
DA:74,0
DA:76,0
DA:78,0
DA:80,0
DA:82,0
DA:84,0
DA:90,0
DA:162,0
DA:164,0
DA:199,0
DA:201,0
DA:203,0
DA:204,0
DA:205,0
DA:206,0
DA:207,0
DA:208,0
DA:209,0
DA:210,0
DA:213,0
DA:215,0
DA:220,0
DA:238,0
DA:243,0
DA:246,0
DA:249,0
DA:253,0
DA:255,0
DA:256,0
DA:264,0
DA:265,0
DA:271,0
DA:276,0
DA:283,0
DA:293,0
DA:297,0
DA:298,0
DA:302,0
DA:306,0
LF:55
LH:0
BRDA:4,0,0,0
BRDA:4,0,1,0
BRDA:12,1,0,0
BRDA:72,2,0,0
BRDA:72,2,1,0
BRDA:72,2,2,0
BRDA:72,2,3,0
BRDA:72,2,4,0
BRDA:72,2,5,0
BRDA:180,3,0,0
BRDA:180,3,1,0
BRDA:203,4,0,0
BRDA:255,5,0,0
BRDA:264,6,0,0
BRDA:264,7,0,0
BRDA:264,7,1,0
BRDA:264,7,2,0
BRF:17
BRH:0
end_of_record
TN:
SF:src/services/storyService.ts
FN:14,(anonymous_1)
FN:20,(anonymous_2)
FN:81,(anonymous_3)
FN:128,(anonymous_4)
FN:166,(anonymous_5)
FN:203,(anonymous_6)
FN:234,(anonymous_7)
FN:245,(anonymous_8)
FN:279,(anonymous_9)
FN:300,(anonymous_10)
FN:318,(anonymous_11)
FN:327,(anonymous_12)
FN:332,(anonymous_13)
FN:337,(anonymous_14)
FN:341,(anonymous_15)
FN:342,(anonymous_16)
FN:345,(anonymous_17)
FN:348,(anonymous_18)
FN:351,(anonymous_19)
FN:356,(anonymous_20)
FN:362,(anonymous_21)
FN:370,(anonymous_22)
FN:378,(anonymous_23)
FN:382,(anonymous_24)
FN:386,(anonymous_25)
FN:390,(anonymous_26)
FNF:26
FNH:26
FNDA:22,(anonymous_1)
FNDA:21,(anonymous_2)
FNDA:4,(anonymous_3)
FNDA:18,(anonymous_4)
FNDA:4,(anonymous_5)
FNDA:3,(anonymous_6)
FNDA:2,(anonymous_7)
FNDA:21,(anonymous_8)
FNDA:15,(anonymous_9)
FNDA:2,(anonymous_10)
FNDA:34,(anonymous_11)
FNDA:18,(anonymous_12)
FNDA:16,(anonymous_13)
FNDA:3,(anonymous_14)
FNDA:35,(anonymous_15)
FNDA:6921,(anonymous_16)
FNDA:19,(anonymous_17)
FNDA:95,(anonymous_18)
FNDA:3,(anonymous_19)
FNDA:3,(anonymous_20)
FNDA:1,(anonymous_21)
FNDA:1,(anonymous_22)
FNDA:2,(anonymous_23)
FNDA:16,(anonymous_24)
FNDA:3,(anonymous_25)
FNDA:25,(anonymous_26)
DA:1,1
DA:2,1
DA:10,1
DA:11,22
DA:12,22
DA:15,22
DA:16,14
DA:21,21
DA:23,21
DA:25,21
DA:26,21
DA:27,3
DA:38,18
DA:41,16
DA:54,16
DA:64,2
DA:66,2
DA:82,4
DA:84,4
DA:86,4
DA:89,3
DA:101,3
DA:111,1
DA:113,1
DA:129,18
DA:131,15
DA:134,3
DA:136,3
DA:137,3
DA:158,2
DA:161,2
DA:162,2
DA:167,4
DA:168,2
DA:171,2
DA:173,2
DA:174,2
DA:195,1
DA:198,1
DA:199,1
DA:204,3
DA:205,3
DA:206,3
DA:208,3
DA:235,2
DA:246,21
DA:247,1
DA:256,20
DA:257,1
DA:266,19
DA:267,1
DA:276,18
DA:280,15
DA:281,15
DA:283,15
DA:301,2
DA:319,34
DA:324,34
DA:328,18
DA:329,18
DA:333,16
DA:334,16
DA:338,3
DA:342,6921
DA:346,19
DA:347,19
DA:348,95
DA:353,3
DA:359,3
DA:364,1
DA:365,0
DA:367,1
DA:372,1
DA:373,0
DA:375,1
DA:379,2
DA:383,16
DA:387,3
DA:391,25
LF:79
LH:77
BRDA:15,0,0,14
BRDA:26,1,0,3
BRDA:129,2,0,15
BRDA:161,3,0,2
BRDA:161,3,1,2
BRDA:167,4,0,2
BRDA:198,5,0,1
BRDA:198,5,1,1
BRDA:214,6,0,3
BRDA:214,6,1,1
BRDA:240,7,0,2
BRDA:240,7,1,0
BRDA:246,8,0,1
BRDA:246,9,0,21
BRDA:246,9,1,21
BRDA:256,10,0,1
BRDA:266,11,0,1
BRDA:266,12,0,19
BRDA:266,12,1,15
BRDA:324,13,0,34
BRDA:324,13,1,0
BRDA:329,14,0,18
BRDA:329,14,1,0
BRDA:364,15,0,0
BRDA:364,16,0,1
BRDA:364,16,1,0
BRDA:372,17,0,0
BRDA:372,18,0,1
BRDA:372,18,1,0
BRF:29
BRH:22
end_of_record
TN:
SF:src/types/contracts.ts
FNF:0
FNH:0
DA:216,1
LF:1
LH:1
BRF:0
BRH:0
end_of_record
